2024-01-04T15:10:58.411+0900 [DEBUG] [org.gradle.launcher.daemon.bootstrap.DaemonMain] Assuming the daemon was started with following jvm opts: [--add-opens=java.base/java.util=ALL-UNNAMED, --add-opens=java.base/java.lang=ALL-UNNAMED, --add-opens=java.base/java.lang.invoke=ALL-UNNAMED, --add-opens=java.prefs/java.util.prefs=ALL-UNNAMED, --add-opens=java.base/java.nio.charset=ALL-UNNAMED, --add-opens=java.base/java.net=ALL-UNNAMED, --add-opens=java.base/java.util.concurrent.atomic=ALL-UNNAMED, -XX:MaxMetaspaceSize=256m, -XX:+HeapDumpOnOutOfMemoryError, -Xms256m, -Xmx512m, -Dfile.encoding=UTF-8, -Duser.country=KR, -Duser.language=ko, -Duser.variant]
2024-01-04T15:10:58.493+0900 [INFO] [org.gradle.launcher.daemon.server.Daemon] start() called on daemon - DefaultDaemonContext[uid=6550f320-0d34-4875-9e31-2feede82887b,javaHome=/Users/hongjiwon/Library/Java/JavaVirtualMachines/corretto-17.0.9/Contents/Home,daemonRegistryDir=/Users/hongjiwon/main_project-main/main_project/gradle/daemon,pid=33637,idleTimeout=10800000,priority=NORMAL,daemonOpts=--add-opens=java.base/java.util=ALL-UNNAMED,--add-opens=java.base/java.lang=ALL-UNNAMED,--add-opens=java.base/java.lang.invoke=ALL-UNNAMED,--add-opens=java.prefs/java.util.prefs=ALL-UNNAMED,--add-opens=java.base/java.nio.charset=ALL-UNNAMED,--add-opens=java.base/java.net=ALL-UNNAMED,--add-opens=java.base/java.util.concurrent.atomic=ALL-UNNAMED,-XX:MaxMetaspaceSize=256m,-XX:+HeapDumpOnOutOfMemoryError,-Xms256m,-Xmx512m,-Dfile.encoding=UTF-8,-Duser.country=KR,-Duser.language=ko,-Duser.variant]
2024-01-04T15:10:58.518+0900 [DEBUG] [org.gradle.internal.remote.internal.inet.InetAddresses] Adding IP addresses for network interface utun5
2024-01-04T15:10:58.518+0900 [DEBUG] [org.gradle.internal.remote.internal.inet.InetAddresses] Is this a loopback interface? false
2024-01-04T15:10:58.518+0900 [DEBUG] [org.gradle.internal.remote.internal.inet.InetAddresses] Adding remote address /fe80:0:0:0:37c2:f351:f8e1:c169%utun5
2024-01-04T15:10:58.518+0900 [DEBUG] [org.gradle.internal.remote.internal.inet.InetAddresses] Adding IP addresses for network interface utun4
2024-01-04T15:10:58.518+0900 [DEBUG] [org.gradle.internal.remote.internal.inet.InetAddresses] Is this a loopback interface? false
2024-01-04T15:10:58.519+0900 [DEBUG] [org.gradle.internal.remote.internal.inet.InetAddresses] Adding remote address /fe80:0:0:0:2fbf:cd05:421c:dde4%utun4
2024-01-04T15:10:58.519+0900 [DEBUG] [org.gradle.internal.remote.internal.inet.InetAddresses] Adding IP addresses for network interface utun3
2024-01-04T15:10:58.519+0900 [DEBUG] [org.gradle.internal.remote.internal.inet.InetAddresses] Is this a loopback interface? false
2024-01-04T15:10:58.519+0900 [DEBUG] [org.gradle.internal.remote.internal.inet.InetAddresses] Adding remote address /fe80:0:0:0:93b9:2783:4fcc:fb5d%utun3
2024-01-04T15:10:58.519+0900 [DEBUG] [org.gradle.internal.remote.internal.inet.InetAddresses] Adding IP addresses for network interface utun2
2024-01-04T15:10:58.519+0900 [DEBUG] [org.gradle.internal.remote.internal.inet.InetAddresses] Is this a loopback interface? false
2024-01-04T15:10:58.519+0900 [DEBUG] [org.gradle.internal.remote.internal.inet.InetAddresses] Adding remote address /fe80:0:0:0:ce81:b1c:bd2c:69e%utun2
2024-01-04T15:10:58.520+0900 [DEBUG] [org.gradle.internal.remote.internal.inet.InetAddresses] Adding IP addresses for network interface utun1
2024-01-04T15:10:58.520+0900 [DEBUG] [org.gradle.internal.remote.internal.inet.InetAddresses] Is this a loopback interface? false
2024-01-04T15:10:58.520+0900 [DEBUG] [org.gradle.internal.remote.internal.inet.InetAddresses] Adding remote address /fe80:0:0:0:81cb:30d5:7610:f4ea%utun1
2024-01-04T15:10:58.520+0900 [DEBUG] [org.gradle.internal.remote.internal.inet.InetAddresses] Adding IP addresses for network interface utun0
2024-01-04T15:10:58.520+0900 [DEBUG] [org.gradle.internal.remote.internal.inet.InetAddresses] Is this a loopback interface? false
2024-01-04T15:10:58.520+0900 [DEBUG] [org.gradle.internal.remote.internal.inet.InetAddresses] Adding remote address /fe80:0:0:0:f2ee:ee1d:69af:6b22%utun0
2024-01-04T15:10:58.520+0900 [DEBUG] [org.gradle.internal.remote.internal.inet.InetAddresses] Adding IP addresses for network interface llw0
2024-01-04T15:10:58.520+0900 [DEBUG] [org.gradle.internal.remote.internal.inet.InetAddresses] Is this a loopback interface? false
2024-01-04T15:10:58.520+0900 [DEBUG] [org.gradle.internal.remote.internal.inet.InetAddresses] Adding remote address /fe80:0:0:0:6c6a:73ff:fe5f:8bdf%llw0
2024-01-04T15:10:58.520+0900 [DEBUG] [org.gradle.internal.remote.internal.inet.InetAddresses] Adding IP addresses for network interface awdl0
2024-01-04T15:10:58.520+0900 [DEBUG] [org.gradle.internal.remote.internal.inet.InetAddresses] Is this a loopback interface? false
2024-01-04T15:10:58.521+0900 [DEBUG] [org.gradle.internal.remote.internal.inet.InetAddresses] Adding remote address /fe80:0:0:0:6c6a:73ff:fe5f:8bdf%awdl0
2024-01-04T15:10:58.521+0900 [DEBUG] [org.gradle.internal.remote.internal.inet.InetAddresses] Adding IP addresses for network interface anpi2
2024-01-04T15:10:58.521+0900 [DEBUG] [org.gradle.internal.remote.internal.inet.InetAddresses] Is this a loopback interface? false
2024-01-04T15:10:58.521+0900 [DEBUG] [org.gradle.internal.remote.internal.inet.InetAddresses] Adding remote address /fe80:0:0:0:40fe:bfff:fec5:6ec%anpi2
2024-01-04T15:10:58.521+0900 [DEBUG] [org.gradle.internal.remote.internal.inet.InetAddresses] Adding IP addresses for network interface anpi1
2024-01-04T15:10:58.521+0900 [DEBUG] [org.gradle.internal.remote.internal.inet.InetAddresses] Is this a loopback interface? false
2024-01-04T15:10:58.521+0900 [DEBUG] [org.gradle.internal.remote.internal.inet.InetAddresses] Adding remote address /fe80:0:0:0:40fe:bfff:fec5:6eb%anpi1
2024-01-04T15:10:58.521+0900 [DEBUG] [org.gradle.internal.remote.internal.inet.InetAddresses] Adding IP addresses for network interface anpi0
2024-01-04T15:10:58.521+0900 [DEBUG] [org.gradle.internal.remote.internal.inet.InetAddresses] Is this a loopback interface? false
2024-01-04T15:10:58.521+0900 [DEBUG] [org.gradle.internal.remote.internal.inet.InetAddresses] Adding remote address /fe80:0:0:0:40fe:bfff:fec5:6ea%anpi0
2024-01-04T15:10:58.521+0900 [DEBUG] [org.gradle.internal.remote.internal.inet.InetAddresses] Adding IP addresses for network interface en0
2024-01-04T15:10:58.522+0900 [DEBUG] [org.gradle.internal.remote.internal.inet.InetAddresses] Is this a loopback interface? false
2024-01-04T15:10:58.522+0900 [DEBUG] [org.gradle.internal.remote.internal.inet.InetAddresses] Adding remote address /2406:5900:1158:f807:b073:8b84:c950:b4c2%en0
2024-01-04T15:10:58.522+0900 [DEBUG] [org.gradle.internal.remote.internal.inet.InetAddresses] Adding remote address /2406:5900:1158:f807:240a:42:7054:6ebc%en0
2024-01-04T15:10:58.522+0900 [DEBUG] [org.gradle.internal.remote.internal.inet.InetAddresses] Adding remote address /2406:5900:1158:f807:1ced:af20:396b:28cd%en0
2024-01-04T15:10:58.522+0900 [DEBUG] [org.gradle.internal.remote.internal.inet.InetAddresses] Adding remote address /2406:5900:1158:f807:1818:45d2:a184:87e9%en0
2024-01-04T15:10:58.522+0900 [DEBUG] [org.gradle.internal.remote.internal.inet.InetAddresses] Adding remote address /fe80:0:0:0:c79:6727:322f:6a25%en0
2024-01-04T15:10:58.522+0900 [DEBUG] [org.gradle.internal.remote.internal.inet.InetAddresses] Adding remote address /192.168.219.102
2024-01-04T15:10:58.522+0900 [DEBUG] [org.gradle.internal.remote.internal.inet.InetAddresses] Adding IP addresses for network interface lo0
2024-01-04T15:10:58.522+0900 [DEBUG] [org.gradle.internal.remote.internal.inet.InetAddresses] Is this a loopback interface? true
2024-01-04T15:10:58.522+0900 [DEBUG] [org.gradle.internal.remote.internal.inet.InetAddresses] Ignoring remote address on loopback interface /fe80:0:0:0:0:0:0:1%lo0
2024-01-04T15:10:58.522+0900 [DEBUG] [org.gradle.internal.remote.internal.inet.InetAddresses] Adding loopback address /0:0:0:0:0:0:0:1%lo0
2024-01-04T15:10:58.522+0900 [DEBUG] [org.gradle.internal.remote.internal.inet.InetAddresses] Adding loopback address /127.0.0.1
2024-01-04T15:10:58.525+0900 [DEBUG] [org.gradle.internal.remote.internal.inet.TcpIncomingConnector] Listening on [650e9116-964c-4e98-a595-8358ca8d3fbc port:61374, addresses:[localhost/127.0.0.1]].
2024-01-04T15:10:58.534+0900 [DEBUG] [org.gradle.launcher.daemon.server.Daemon] Daemon starting at: Thu Jan 04 15:10:58 KST 2024, with address: [650e9116-964c-4e98-a595-8358ca8d3fbc port:61374, addresses:[localhost/127.0.0.1]]
2024-01-04T15:10:58.534+0900 [INFO] [org.gradle.launcher.daemon.server.DaemonRegistryUpdater] Advertising the daemon address to the clients: [650e9116-964c-4e98-a595-8358ca8d3fbc port:61374, addresses:[localhost/127.0.0.1]]
2024-01-04T15:10:58.534+0900 [DEBUG] [org.gradle.launcher.daemon.server.DaemonRegistryUpdater] Advertised daemon context: DefaultDaemonContext[uid=6550f320-0d34-4875-9e31-2feede82887b,javaHome=/Users/hongjiwon/Library/Java/JavaVirtualMachines/corretto-17.0.9/Contents/Home,daemonRegistryDir=/Users/hongjiwon/main_project-main/main_project/gradle/daemon,pid=33637,idleTimeout=10800000,priority=NORMAL,daemonOpts=--add-opens=java.base/java.util=ALL-UNNAMED,--add-opens=java.base/java.lang=ALL-UNNAMED,--add-opens=java.base/java.lang.invoke=ALL-UNNAMED,--add-opens=java.prefs/java.util.prefs=ALL-UNNAMED,--add-opens=java.base/java.nio.charset=ALL-UNNAMED,--add-opens=java.base/java.net=ALL-UNNAMED,--add-opens=java.base/java.util.concurrent.atomic=ALL-UNNAMED,-XX:MaxMetaspaceSize=256m,-XX:+HeapDumpOnOutOfMemoryError,-Xms256m,-Xmx512m,-Dfile.encoding=UTF-8,-Duser.country=KR,-Duser.language=ko,-Duser.variant]
2024-01-04T15:10:58.534+0900 [DEBUG] [org.gradle.launcher.daemon.registry.PersistentDaemonRegistry] Storing daemon address: [650e9116-964c-4e98-a595-8358ca8d3fbc port:61374, addresses:[localhost/127.0.0.1]], context: DefaultDaemonContext[uid=6550f320-0d34-4875-9e31-2feede82887b,javaHome=/Users/hongjiwon/Library/Java/JavaVirtualMachines/corretto-17.0.9/Contents/Home,daemonRegistryDir=/Users/hongjiwon/main_project-main/main_project/gradle/daemon,pid=33637,idleTimeout=10800000,priority=NORMAL,daemonOpts=--add-opens=java.base/java.util=ALL-UNNAMED,--add-opens=java.base/java.lang=ALL-UNNAMED,--add-opens=java.base/java.lang.invoke=ALL-UNNAMED,--add-opens=java.prefs/java.util.prefs=ALL-UNNAMED,--add-opens=java.base/java.nio.charset=ALL-UNNAMED,--add-opens=java.base/java.net=ALL-UNNAMED,--add-opens=java.base/java.util.concurrent.atomic=ALL-UNNAMED,-XX:MaxMetaspaceSize=256m,-XX:+HeapDumpOnOutOfMemoryError,-Xms256m,-Xmx512m,-Dfile.encoding=UTF-8,-Duser.country=KR,-Duser.language=ko,-Duser.variant]
2024-01-04T15:10:58.543+0900 [DEBUG] [org.gradle.cache.internal.DefaultFileLockManager] Waiting to acquire exclusive lock on daemon addresses registry.
2024-01-04T15:10:58.545+0900 [DEBUG] [org.gradle.cache.internal.DefaultFileLockManager] Lock acquired on daemon addresses registry.
2024-01-04T15:10:58.547+0900 [DEBUG] [org.gradle.cache.internal.DefaultFileLockManager] Releasing lock on daemon addresses registry.
2024-01-04T15:10:58.547+0900 [LIFECYCLE] [org.gradle.launcher.daemon.server.Daemon] Daemon server started.
2024-01-04T15:10:58.547+0900 [DEBUG] [org.gradle.launcher.daemon.bootstrap.DaemonStartupCommunication] Completed writing the daemon greeting. Closing streams...
2024-01-04T15:10:58.549+0900 [DEBUG] [org.gradle.launcher.daemon.server.Daemon] stopOnExpiration() called on daemon
2024-01-04T15:10:58.550+0900 [DEBUG] [org.gradle.launcher.daemon.server.Daemon] awaitExpiration() called on daemon
2024-01-04T15:10:58.550+0900 [DEBUG] [org.gradle.launcher.daemon.server.DaemonStateCoordinator] daemon is running. Sleeping until state changes.
2024-01-04T15:10:58.553+0900 [DEBUG] [org.gradle.internal.remote.internal.inet.TcpIncomingConnector] Accepted connection from /127.0.0.1:61375 to /127.0.0.1:61374.
2024-01-04T15:10:58.568+0900 [DEBUG] [org.gradle.launcher.daemon.server.SynchronizedDispatchConnection] thread 21: received class org.gradle.launcher.daemon.protocol.Build
2024-01-04T15:10:58.568+0900 [DEBUG] [org.gradle.launcher.daemon.server.DefaultDaemonConnection] thread 21: Received non-IO message from client: Build{id=ade004aa-e327-4c73-b374-1dfce4d15f6c, currentDir=/Users/hongjiwon/main_project-main}
2024-01-04T15:10:58.569+0900 [INFO] [org.gradle.launcher.daemon.server.DefaultIncomingConnectionHandler] Received command: Build{id=ade004aa-e327-4c73-b374-1dfce4d15f6c, currentDir=/Users/hongjiwon/main_project-main}.
2024-01-04T15:10:58.569+0900 [DEBUG] [org.gradle.launcher.daemon.server.DefaultIncomingConnectionHandler] Starting executing command: Build{id=ade004aa-e327-4c73-b374-1dfce4d15f6c, currentDir=/Users/hongjiwon/main_project-main} with connection: socket connection from /127.0.0.1:61374 to /127.0.0.1:61375.
2024-01-04T15:10:58.570+0900 [DEBUG] [org.gradle.launcher.daemon.server.DaemonStateCoordinator] Command execution: started DaemonCommandExecution[command = Build{id=ade004aa-e327-4c73-b374-1dfce4d15f6c, currentDir=/Users/hongjiwon/main_project-main}, connection = DefaultDaemonConnection: socket connection from /127.0.0.1:61374 to /127.0.0.1:61375] after 0.0 minutes of idle
2024-01-04T15:10:58.570+0900 [INFO] [org.gradle.launcher.daemon.server.DaemonRegistryUpdater] Marking the daemon as busy, address: [650e9116-964c-4e98-a595-8358ca8d3fbc port:61374, addresses:[localhost/127.0.0.1]]
2024-01-04T15:10:58.570+0900 [DEBUG] [org.gradle.launcher.daemon.registry.PersistentDaemonRegistry] Marking busy by address: [650e9116-964c-4e98-a595-8358ca8d3fbc port:61374, addresses:[localhost/127.0.0.1]]
2024-01-04T15:10:58.571+0900 [DEBUG] [org.gradle.cache.internal.DefaultFileLockManager] Waiting to acquire exclusive lock on daemon addresses registry.
2024-01-04T15:10:58.571+0900 [DEBUG] [org.gradle.cache.internal.DefaultFileLockManager] Lock acquired on daemon addresses registry.
2024-01-04T15:10:58.571+0900 [DEBUG] [org.gradle.cache.internal.DefaultFileLockManager] Releasing lock on daemon addresses registry.
2024-01-04T15:10:58.572+0900 [DEBUG] [org.gradle.launcher.daemon.server.DaemonStateCoordinator] resetting idle timer
2024-01-04T15:10:58.572+0900 [DEBUG] [org.gradle.launcher.daemon.server.DaemonStateCoordinator] daemon is running. Sleeping until state changes.
2024-01-04T15:10:58.572+0900 [INFO] [org.gradle.launcher.daemon.server.exec.StartBuildOrRespondWithBusy] Daemon is about to start building Build{id=ade004aa-e327-4c73-b374-1dfce4d15f6c, currentDir=/Users/hongjiwon/main_project-main}. Dispatching build started information...
2024-01-04T15:10:58.572+0900 [DEBUG] [org.gradle.launcher.daemon.server.SynchronizedDispatchConnection] thread 23: dispatching org.gradle.launcher.daemon.protocol.BuildStarted@38ec6d2d
2024-01-04T15:10:58.573+0900 [DEBUG] [org.gradle.launcher.daemon.server.exec.EstablishBuildEnvironment] Configuring env variables: [PATH, _P9K_SSH_TTY, MANPATH, HOMEBREW_PREFIX, JWT_SECRET_KEY, COMMAND_MODE, LOGNAME, HOMEBREW_REPOSITORY, XPC_SERVICE_NAME, INFOPATH, __CFBundleIdentifier, SHELL, PAGER, LSCOLORS, OLDPWD, HOMEBREW_CELLAR, USER, ZSH, P9K_SSH, TMPDIR, SSH_AUTH_SOCK, XPC_FLAGS, __CF_USER_TEXT_ENCODING, LESS, LC_CTYPE, LS_COLORS, HOME]
2024-01-04T15:10:58.576+0900 [DEBUG] [org.gradle.launcher.daemon.server.exec.LogToClient] About to start relaying all logs to the client via the connection.
2024-01-04T15:10:58.576+0900 [INFO] [org.gradle.launcher.daemon.server.exec.LogToClient] The client will now receive all logging from the daemon (pid: 33637). The daemon log file: /Users/hongjiwon/main_project-main/main_project/gradle/daemon/8.0/daemon-33637.out.log
2024-01-04T15:10:58.577+0900 [INFO] [org.gradle.launcher.daemon.server.exec.LogAndCheckHealth] Starting build in new daemon [memory: 512 MiB]
2024-01-04T15:10:58.579+0900 [DEBUG] [org.gradle.launcher.daemon.server.exec.ExecuteBuild] The daemon has started executing the build.
2024-01-04T15:10:58.579+0900 [DEBUG] [org.gradle.launcher.daemon.server.exec.ExecuteBuild] Executing build with daemon context: DefaultDaemonContext[uid=6550f320-0d34-4875-9e31-2feede82887b,javaHome=/Users/hongjiwon/Library/Java/JavaVirtualMachines/corretto-17.0.9/Contents/Home,daemonRegistryDir=/Users/hongjiwon/main_project-main/main_project/gradle/daemon,pid=33637,idleTimeout=10800000,priority=NORMAL,daemonOpts=--add-opens=java.base/java.util=ALL-UNNAMED,--add-opens=java.base/java.lang=ALL-UNNAMED,--add-opens=java.base/java.lang.invoke=ALL-UNNAMED,--add-opens=java.prefs/java.util.prefs=ALL-UNNAMED,--add-opens=java.base/java.nio.charset=ALL-UNNAMED,--add-opens=java.base/java.net=ALL-UNNAMED,--add-opens=java.base/java.util.concurrent.atomic=ALL-UNNAMED,-XX:MaxMetaspaceSize=256m,-XX:+HeapDumpOnOutOfMemoryError,-Xms256m,-Xmx512m,-Dfile.encoding=UTF-8,-Duser.country=KR,-Duser.language=ko,-Duser.variant]

Welcome to Gradle 8.0.

Directory '/Users/hongjiwon/main_project-main' does not contain a Gradle build.

To create a new build in this directory, run gradle init

For more detail on the 'init' task, see https://docs.gradle.org/8.0/userguide/build_init_plugin.html

For more detail on creating a Gradle build, see https://docs.gradle.org/8.0/userguide/tutorial_using_tasks.html

To see a list of command-line options, run gradle --help

For more detail on using Gradle, see https://docs.gradle.org/8.0/userguide/command_line_interface.html

For troubleshooting, visit https://help.gradle.org

BUILD SUCCESSFUL in 2s
1 actionable task: 1 executed
2024-01-04T15:11:00.534+0900 [DEBUG] [org.gradle.launcher.daemon.server.exec.ExecuteBuild] The daemon has finished executing the build.
2024-01-04T15:11:00.535+0900 [DEBUG] [org.gradle.launcher.daemon.server.DaemonStateCoordinator] daemon is running. Sleeping until state changes.
2024-01-04T15:11:00.536+0900 [DEBUG] [org.gradle.launcher.daemon.server.DaemonStateCoordinator] Command execution: finished waiting for DaemonCommandExecution[command = Build{id=ade004aa-e327-4c73-b374-1dfce4d15f6c, currentDir=/Users/hongjiwon/main_project-main}, connection = DefaultDaemonConnection: socket connection from /127.0.0.1:61374 to /127.0.0.1:61375]. Result org.gradle.launcher.daemon.server.DaemonStateCoordinator@3228af34 with state Busy
2024-01-04T15:11:00.536+0900 [DEBUG] [org.gradle.launcher.daemon.server.DaemonStateCoordinator] Command execution: completed DaemonCommandExecution[command = Build{id=ade004aa-e327-4c73-b374-1dfce4d15f6c, currentDir=/Users/hongjiwon/main_project-main}, connection = DefaultDaemonConnection: socket connection from /127.0.0.1:61374 to /127.0.0.1:61375]
2024-01-04T15:11:00.536+0900 [DEBUG] [org.gradle.launcher.daemon.server.DaemonStateCoordinator] resetting idle timer
2024-01-04T15:11:00.536+0900 [INFO] [org.gradle.launcher.daemon.server.DaemonRegistryUpdater] Marking the daemon as idle, address: [650e9116-964c-4e98-a595-8358ca8d3fbc port:61374, addresses:[localhost/127.0.0.1]]
2024-01-04T15:11:00.536+0900 [DEBUG] [org.gradle.launcher.daemon.registry.PersistentDaemonRegistry] Marking busy by address: [650e9116-964c-4e98-a595-8358ca8d3fbc port:61374, addresses:[localhost/127.0.0.1]]
2024-01-04T15:11:00.536+0900 [DEBUG] [org.gradle.cache.internal.DefaultFileLockManager] Waiting to acquire exclusive lock on daemon addresses registry.
2024-01-04T15:11:00.536+0900 [DEBUG] [org.gradle.cache.internal.DefaultFileLockManager] Lock acquired on daemon addresses registry.
2024-01-04T15:11:00.537+0900 [DEBUG] [org.gradle.cache.internal.DefaultFileLockManager] Releasing lock on daemon addresses registry.
2024-01-04T15:11:00.537+0900 [DEBUG] [org.gradle.launcher.daemon.server.DaemonStateCoordinator] daemon is running. Sleeping until state changes.
2024-01-04T15:11:00.537+0900 [DEBUG] [org.gradle.launcher.daemon.server.exec.ReturnResult] Daemon is dispatching the build result: Success[value=org.gradle.launcher.exec.BuildActionResult@7877a29d]
2024-01-04T15:11:00.537+0900 [DEBUG] [org.gradle.launcher.daemon.server.SynchronizedDispatchConnection] thread 20: dispatching Success[value=org.gradle.launcher.exec.BuildActionResult@7877a29d]
2024-01-04T15:11:00.537+0900 [DEBUG] [org.gradle.launcher.daemon.server.DefaultIncomingConnectionHandler] Finishing executing command: Build{id=ade004aa-e327-4c73-b374-1dfce4d15f6c, currentDir=/Users/hongjiwon/main_project-main}
2024-01-04T15:11:00.539+0900 [DEBUG] [org.gradle.launcher.daemon.server.SynchronizedDispatchConnection] thread 21: received class org.gradle.launcher.daemon.protocol.CloseInput
2024-01-04T15:11:00.539+0900 [DEBUG] [org.gradle.launcher.daemon.server.DefaultDaemonConnection] thread 21: Received IO message from client: org.gradle.launcher.daemon.protocol.CloseInput@2dd8aa5a
2024-01-04T15:11:00.539+0900 [DEBUG] [org.gradle.launcher.daemon.server.SynchronizedDispatchConnection] thread 21: received class org.gradle.launcher.daemon.protocol.Finished
2024-01-04T15:11:00.539+0900 [DEBUG] [org.gradle.launcher.daemon.server.DefaultDaemonConnection] thread 21: Received non-IO message from client: org.gradle.launcher.daemon.protocol.Finished@5a3a3358
2024-01-04T15:11:00.539+0900 [DEBUG] [org.gradle.launcher.daemon.server.DefaultIncomingConnectionHandler] Received finished message: org.gradle.launcher.daemon.protocol.Finished@5a3a3358
2024-01-04T15:11:00.539+0900 [DEBUG] [org.gradle.launcher.daemon.server.SynchronizedDispatchConnection] thread 20: stopping connection
2024-01-04T15:11:00.539+0900 [DEBUG] [org.gradle.internal.remote.internal.inet.SocketConnection] Discarding EOFException: java.io.EOFException
2024-01-04T15:11:00.540+0900 [DEBUG] [org.gradle.launcher.daemon.server.SynchronizedDispatchConnection] thread 21: received null
2024-01-04T15:11:00.540+0900 [DEBUG] [org.gradle.launcher.daemon.server.DefaultDaemonConnection] thread 21: Received end-of-input from client.
2024-01-04T15:11:00.541+0900 [DEBUG] [org.gradle.launcher.daemon.server.SynchronizedDispatchConnection] thread 20: stopping connection
2024-01-04T15:11:08.554+0900 [DEBUG] [org.gradle.cache.internal.DefaultFileLockManager] Waiting to acquire shared lock on daemon addresses registry.
2024-01-04T15:11:08.556+0900 [DEBUG] [org.gradle.cache.internal.DefaultFileLockManager] Lock acquired on daemon addresses registry.
2024-01-04T15:11:08.557+0900 [DEBUG] [org.gradle.cache.internal.DefaultFileLockManager] Releasing lock on daemon addresses registry.
2024-01-04T15:11:08.558+0900 [DEBUG] [org.gradle.cache.internal.DefaultFileLockManager] Waiting to acquire shared lock on daemon addresses registry.
2024-01-04T15:11:08.558+0900 [DEBUG] [org.gradle.cache.internal.DefaultFileLockManager] Lock acquired on daemon addresses registry.
2024-01-04T15:11:08.558+0900 [DEBUG] [org.gradle.cache.internal.DefaultFileLockManager] Releasing lock on daemon addresses registry.
2024-01-04T15:11:18.555+0900 [DEBUG] [org.gradle.cache.internal.DefaultFileLockManager] Waiting to acquire shared lock on daemon addresses registry.
2024-01-04T15:11:18.556+0900 [DEBUG] [org.gradle.cache.internal.DefaultFileLockManager] Lock acquired on daemon addresses registry.
2024-01-04T15:11:18.556+0900 [DEBUG] [org.gradle.internal.remote.internal.inet.TcpIncomingConnector] Accepted connection from /127.0.0.1:61389 to /127.0.0.1:61374.
2024-01-04T15:11:18.557+0900 [DEBUG] [org.gradle.cache.internal.DefaultFileLockManager] Releasing lock on daemon addresses registry.
2024-01-04T15:11:18.558+0900 [DEBUG] [org.gradle.cache.internal.DefaultFileLockManager] Waiting to acquire shared lock on daemon addresses registry.
2024-01-04T15:11:18.558+0900 [DEBUG] [org.gradle.cache.internal.DefaultFileLockManager] Lock acquired on daemon addresses registry.
2024-01-04T15:11:18.558+0900 [DEBUG] [org.gradle.cache.internal.DefaultFileLockManager] Releasing lock on daemon addresses registry.
2024-01-04T15:11:18.558+0900 [DEBUG] [org.gradle.cache.internal.DefaultFileLockManager] Waiting to acquire shared lock on daemon addresses registry.
2024-01-04T15:11:18.558+0900 [DEBUG] [org.gradle.cache.internal.DefaultFileLockManager] Lock acquired on daemon addresses registry.
2024-01-04T15:11:18.559+0900 [DEBUG] [org.gradle.cache.internal.DefaultFileLockManager] Releasing lock on daemon addresses registry.
2024-01-04T15:11:18.569+0900 [DEBUG] [org.gradle.launcher.daemon.server.SynchronizedDispatchConnection] thread 56: received class org.gradle.launcher.daemon.protocol.StopWhenIdle
2024-01-04T15:11:18.569+0900 [DEBUG] [org.gradle.launcher.daemon.server.DefaultDaemonConnection] thread 56: Received non-IO message from client: StopWhenIdle[id=16a8b773-2a0d-4fb5-b44d-1f62f986dbe2]
2024-01-04T15:11:18.569+0900 [INFO] [org.gradle.launcher.daemon.server.DefaultIncomingConnectionHandler] Received command: StopWhenIdle[id=16a8b773-2a0d-4fb5-b44d-1f62f986dbe2].
2024-01-04T15:11:18.569+0900 [DEBUG] [org.gradle.launcher.daemon.server.DefaultIncomingConnectionHandler] Starting executing command: StopWhenIdle[id=16a8b773-2a0d-4fb5-b44d-1f62f986dbe2] with connection: socket connection from /127.0.0.1:61374 to /127.0.0.1:61389.
2024-01-04T15:11:18.570+0900 [DEBUG] [org.gradle.launcher.daemon.server.DaemonRegistryUpdater] Storing daemon stop event: stop command received
2024-01-04T15:11:18.570+0900 [DEBUG] [org.gradle.launcher.daemon.registry.PersistentDaemonRegistry] Storing daemon stop event with timestamp 1704348678570
2024-01-04T15:11:18.571+0900 [DEBUG] [org.gradle.cache.internal.DefaultFileLockManager] Waiting to acquire exclusive lock on daemon addresses registry.
2024-01-04T15:11:18.571+0900 [DEBUG] [org.gradle.cache.internal.DefaultFileLockManager] Lock acquired on daemon addresses registry.
2024-01-04T15:11:18.571+0900 [DEBUG] [org.gradle.cache.internal.DefaultFileLockManager] Releasing lock on daemon addresses registry.
2024-01-04T15:11:18.572+0900 [LIFECYCLE] [org.gradle.launcher.daemon.server.DaemonStateCoordinator] Daemon will be stopped at the end of the build stop command received
2024-01-04T15:11:18.572+0900 [DEBUG] [org.gradle.launcher.daemon.server.DaemonStateCoordinator] Marking daemon stopped due to stop command received. The daemon is running a build: false
2024-01-04T15:11:18.572+0900 [DEBUG] [org.gradle.launcher.daemon.server.SynchronizedDispatchConnection] thread 20: dispatching Success[value=null]
2024-01-04T15:11:18.572+0900 [DEBUG] [org.gradle.launcher.daemon.server.DaemonStateCoordinator] daemon has stopped.
2024-01-04T15:11:18.572+0900 [DEBUG] [org.gradle.launcher.daemon.server.DefaultIncomingConnectionHandler] Finishing executing command: StopWhenIdle[id=16a8b773-2a0d-4fb5-b44d-1f62f986dbe2]
2024-01-04T15:11:18.572+0900 [DEBUG] [org.gradle.launcher.daemon.server.Daemon] stop() called on daemon
2024-01-04T15:11:18.572+0900 [INFO] [org.gradle.launcher.daemon.server.Daemon] Stop requested. Daemon is removing its presence from the registry...
2024-01-04T15:11:18.572+0900 [DEBUG] [org.gradle.launcher.daemon.server.SynchronizedDispatchConnection] thread 56: received class org.gradle.launcher.daemon.protocol.Finished
2024-01-04T15:11:18.572+0900 [DEBUG] [org.gradle.launcher.daemon.server.DaemonRegistryUpdater] Removing our presence to clients, eg. removing this address from the registry: [650e9116-964c-4e98-a595-8358ca8d3fbc port:61374, addresses:[localhost/127.0.0.1]]
2024-01-04T15:11:18.572+0900 [DEBUG] [org.gradle.launcher.daemon.server.DefaultDaemonConnection] thread 56: Received non-IO message from client: org.gradle.launcher.daemon.protocol.Finished@2ab73612
2024-01-04T15:11:18.572+0900 [DEBUG] [org.gradle.launcher.daemon.registry.PersistentDaemonRegistry] Removing daemon address: [650e9116-964c-4e98-a595-8358ca8d3fbc port:61374, addresses:[localhost/127.0.0.1]]
2024-01-04T15:11:18.572+0900 [DEBUG] [org.gradle.launcher.daemon.server.DefaultIncomingConnectionHandler] Received finished message: org.gradle.launcher.daemon.protocol.Finished@2ab73612
2024-01-04T15:11:18.573+0900 [DEBUG] [org.gradle.launcher.daemon.server.SynchronizedDispatchConnection] thread 20: stopping connection
2024-01-04T15:11:18.572+0900 [DEBUG] [org.gradle.internal.remote.internal.inet.SocketConnection] Discarding EOFException: java.io.EOFException
2024-01-04T15:11:18.573+0900 [DEBUG] [org.gradle.launcher.daemon.server.SynchronizedDispatchConnection] thread 56: received null
2024-01-04T15:11:18.573+0900 [DEBUG] [org.gradle.cache.internal.DefaultFileLockManager] Waiting to acquire exclusive lock on daemon addresses registry.
2024-01-04T15:11:18.573+0900 [DEBUG] [org.gradle.launcher.daemon.server.DefaultDaemonConnection] thread 56: Received end-of-input from client.
2024-01-04T15:11:18.573+0900 [DEBUG] [org.gradle.cache.internal.DefaultFileLockManager] Lock acquired on daemon addresses registry.
2024-01-04T15:11:18.573+0900 [DEBUG] [org.gradle.launcher.daemon.server.SynchronizedDispatchConnection] thread 20: stopping connection
2024-01-04T15:11:18.573+0900 [DEBUG] [org.gradle.cache.internal.DefaultFileLockManager] Releasing lock on daemon addresses registry.
2024-01-04T15:11:18.573+0900 [DEBUG] [org.gradle.launcher.daemon.server.DaemonRegistryUpdater] Address removed from registry.
2024-01-04T15:11:18.584+0900 [DEBUG] [org.gradle.cache.internal.LockOnDemandCrossProcessCacheAccess] Releasing file lock for jars (/Users/hongjiwon/main_project-main/main_project/gradle/caches/jars-9)
2024-01-04T15:11:18.584+0900 [DEBUG] [org.gradle.cache.internal.DefaultFileLockManager] Releasing lock on jars (/Users/hongjiwon/main_project-main/main_project/gradle/caches/jars-9).
2024-01-04T15:11:18.586+0900 [DEBUG] [org.gradle.cache.internal.DefaultCacheAccess] Cache Artifact transforms cache (/Users/hongjiwon/main_project-main/main_project/gradle/caches/transforms-3) was closed 0 times.
2024-01-04T15:11:18.588+0900 [DEBUG] [org.gradle.cache.internal.LockOnDemandCrossProcessCacheAccess] Releasing file lock for file content cache (/Users/hongjiwon/main_project-main/main_project/gradle/caches/8.0/fileContent)
2024-01-04T15:11:18.588+0900 [DEBUG] [org.gradle.cache.internal.DefaultFileLockManager] Releasing lock on file content cache (/Users/hongjiwon/main_project-main/main_project/gradle/caches/8.0/fileContent).
2024-01-04T15:11:18.588+0900 [DEBUG] [org.gradle.internal.watch.vfs.impl.WatchingVirtualFileSystem] Closing VFS, dropping state
2024-01-04T15:11:18.594+0900 [DEBUG] [org.gradle.internal.watch.registry.impl.DefaultFileWatcherRegistry] Finished listening to file system change events
2024-01-04T15:11:18.594+0900 [DEBUG] [org.gradle.cache.internal.DefaultCacheAccess] Cache Generated Gradle JARs cache (/Users/hongjiwon/main_project-main/main_project/gradle/caches/8.0/generated-gradle-jars) was closed 0 times.
2024-01-04T15:11:18.594+0900 [DEBUG] [org.gradle.cache.internal.LockOnDemandCrossProcessCacheAccess] Releasing file lock for artifact cache (/Users/hongjiwon/main_project-main/main_project/gradle/caches/modules-2)
2024-01-04T15:11:18.594+0900 [DEBUG] [org.gradle.cache.internal.DefaultFileLockManager] Releasing lock on artifact cache (/Users/hongjiwon/main_project-main/main_project/gradle/caches/modules-2).
2024-01-04T15:11:18.596+0900 [DEBUG] [org.gradle.cache.internal.LockOnDemandCrossProcessCacheAccess] Releasing file lock for journal cache (/Users/hongjiwon/main_project-main/main_project/gradle/caches/journal-1)
2024-01-04T15:11:18.598+0900 [DEBUG] [org.gradle.cache.internal.btree.BTreePersistentIndexedCache] Closing cache file-access.bin (/Users/hongjiwon/main_project-main/main_project/gradle/caches/journal-1/file-access.bin)
2024-01-04T15:11:18.599+0900 [DEBUG] [org.gradle.cache.internal.DefaultFileLockManager] Releasing lock on journal cache (/Users/hongjiwon/main_project-main/main_project/gradle/caches/journal-1).
2024-01-04T15:11:18.599+0900 [DEBUG] [org.gradle.cache.internal.LockOnDemandCrossProcessCacheAccess] Releasing file lock for file hash cache (/Users/hongjiwon/main_project-main/main_project/gradle/caches/8.0/fileHashes)
2024-01-04T15:11:18.599+0900 [DEBUG] [org.gradle.cache.internal.btree.BTreePersistentIndexedCache] Closing cache fileHashes.bin (/Users/hongjiwon/main_project-main/main_project/gradle/caches/8.0/fileHashes/fileHashes.bin)
2024-01-04T15:11:18.599+0900 [DEBUG] [org.gradle.cache.internal.DefaultFileLockManager] Releasing lock on file hash cache (/Users/hongjiwon/main_project-main/main_project/gradle/caches/8.0/fileHashes).
2024-01-04T15:11:18.600+0900 [DEBUG] [org.gradle.cache.internal.LockOnDemandCrossProcessCacheAccess] Releasing file lock for execution history cache (/Users/hongjiwon/main_project-main/main_project/gradle/caches/8.0/executionHistory)
2024-01-04T15:11:18.600+0900 [DEBUG] [org.gradle.cache.internal.DefaultFileLockManager] Releasing lock on execution history cache (/Users/hongjiwon/main_project-main/main_project/gradle/caches/8.0/executionHistory).
2024-01-04T15:11:18.603+0900 [DEBUG] [org.gradle.cache.internal.VersionSpecificCacheCleanupAction] Processed version-specific caches at /Users/hongjiwon/main_project-main/main_project/gradle/caches for cleanup in 0.0 secs
Daemon vm is shutting down... The daemon has exited normally or was terminated in response to a user interrupt.
2024-01-04T15:11:18.608+0900 [DEBUG] [org.gradle.launcher.daemon.registry.PersistentDaemonRegistry] Removing daemon address: [650e9116-964c-4e98-a595-8358ca8d3fbc port:61374, addresses:[localhost/127.0.0.1]]
2024-01-04T15:11:18.608+0900 [DEBUG] [org.gradle.cache.internal.DefaultFileLockManager] Waiting to acquire exclusive lock on daemon addresses registry.
2024-01-04T15:11:18.608+0900 [DEBUG] [org.gradle.cache.internal.DefaultFileLockManager] Lock acquired on daemon addresses registry.
2024-01-04T15:11:18.609+0900 [DEBUG] [org.gradle.cache.internal.DefaultFileLockManager] Releasing lock on daemon addresses registry.
